<?xml version="1.0" encoding="UTF-8"?>
<!-- Generated by org.testng.reporters.JUnitXMLReporter -->
<testsuite hostname="LAPTOP-VV23PLPG" ignored="0" name="Swag Labs Login Test Cases" tests="5" failures="1" timestamp="25 Apr 2020 15:28:36 GMT" time="39.597" errors="0">
  <testcase name="loginPageLogoTest" time="0.071" classname="com.swagLabs.qa.loginTest.TC_001_Login_Page_Logo_Test"/>
  <testcase name="loginPageTitleTest" time="0.01" classname="com.swagLabs.qa.loginTest.TC_002_Login_Page_Title_Test">
    <failure type="java.lang.AssertionError" message="Login page title not matched expected [Swag Labs123] but found [Swag Labs]">
      <![CDATA[java.lang.AssertionError: Login page title not matched expected [Swag Labs123] but found [Swag Labs]
	at com.swagLabs.qa.pages.LoginPage.validate_Login_Page_Title(LoginPage.java:57)
	at com.swagLabs.qa.loginTest.TC_002_Login_Page_Title_Test.loginPageTitleTest(TC_002_Login_Page_Title_Test.java:28)
... Removed 30 stack frames]]>
    </failure>
  </testcase> <!-- loginPageTitleTest -->
  <testcase name="login_Test_Valid_User" time="2.639" classname="com.swagLabs.qa.loginTest.TC_003_Login_Test_With_Valid_User"/>
  <testcase name="login_Test_Locked_User" time="0.379" classname="com.swagLabs.qa.loginTest.TC004_Login_Test_With_Locked_User"/>
  <testcase name="login_Test_Locked_User" time="0.321" classname="com.swagLabs.qa.loginTest.TC005_Login_Test_Invalid_Pwd"/>
</testsuite> <!-- Swag Labs Login Test Cases -->
